<?xml version="1.0" encoding="UTF-8"?>
<testng-results ignored="0" total="4" passed="4" failed="0" skipped="0">
  <reporter-output>
  </reporter-output>
  <suite started-at="2025-09-03T23:12:33 IST" name="Default suite" finished-at="2025-09-03T23:12:40 IST" duration-ms="7176">
    <groups>
    </groups>
    <test started-at="2025-09-03T23:12:33 IST" name="Default test" finished-at="2025-09-03T23:12:40 IST" duration-ms="7176">
      <class name="Restassured">
        <test-method is-config="true" signature="setup()[pri:0, instance:Restassured@3ce1e309]" started-at="2025-09-03T23:12:33 IST" name="setup" finished-at="2025-09-03T23:12:33 IST" duration-ms="299" status="PASS">
          <reporter-output>
          </reporter-output>
        </test-method> <!-- setup -->
        <test-method signature="testGetPosts()[pri:1, instance:Restassured@3ce1e309]" started-at="2025-09-03T23:12:33 IST" name="testGetPosts" finished-at="2025-09-03T23:12:37 IST" duration-ms="4142" status="PASS">
          <reporter-output>
          </reporter-output>
        </test-method> <!-- testGetPosts -->
        <test-method signature="testCreatePost()[pri:2, instance:Restassured@3ce1e309]" started-at="2025-09-03T23:12:37 IST" name="testCreatePost" finished-at="2025-09-03T23:12:39 IST" duration-ms="1119" status="PASS">
          <reporter-output>
          </reporter-output>
        </test-method> <!-- testCreatePost -->
        <test-method signature="testUpdatePost()[pri:3, instance:Restassured@3ce1e309]" started-at="2025-09-03T23:12:39 IST" name="testUpdatePost" finished-at="2025-09-03T23:12:39 IST" duration-ms="699" status="PASS">
          <reporter-output>
          </reporter-output>
        </test-method> <!-- testUpdatePost -->
        <test-method signature="testDeletePost()[pri:4, instance:Restassured@3ce1e309]" started-at="2025-09-03T23:12:39 IST" name="testDeletePost" finished-at="2025-09-03T23:12:40 IST" duration-ms="880" status="PASS">
          <reporter-output>
          </reporter-output>
        </test-method> <!-- testDeletePost -->
      </class> <!-- Restassured -->
    </test> <!-- Default test -->
  </suite> <!-- Default suite -->
</testng-results>
