<?xml version="1.0" encoding="UTF-8"?>
<!-- Generated by org.testng.reporters.JUnitXMLReporter -->
<testsuite ignored="0" hostname="IT" failures="0" tests="4" name="Default test" time="7.176" errors="0" timestamp="2025-09-03T23:12:40 IST">
  <testcase classname="Restassured" name="testGetPosts" time="4.142"/>
  <testcase classname="Restassured" name="testCreatePost" time="1.119"/>
  <testcase classname="Restassured" name="testUpdatePost" time="0.699"/>
  <testcase classname="Restassured" name="testDeletePost" time="0.88"/>
</testsuite> <!-- Default test -->
