<?xml version="1.0" encoding="UTF-8"?>
<!-- Generated by org.testng.reporters.JUnitXMLReporter -->
<testsuite ignored="0" hostname="IT" failures="0" tests="3" name="Default test" time="0.086" errors="0" timestamp="2025-06-17T22:48:05 IST">
  <testcase classname="dataDriven.excelDataProvider.dataProvide" name="testCaseData" time="0.019"/>
  <testcase classname="dataDriven.excelDataProvider.dataProvide" name="testCaseData" time="0.008"/>
  <testcase classname="dataDriven.excelDataProvider.dataProvide" name="testCaseData" time="0.001"/>
</testsuite> <!-- Default test -->
