<?xml version="1.0" encoding="UTF-8"?>
<!-- Generated by org.testng.reporters.JUnitXMLReporter -->
<testsuite ignored="0" hostname="IT" failures="0" tests="3" name="Default test" time="0.552" errors="0" timestamp="2025-06-18T23:47:50 IST">
  <testcase classname="dataDriven.excelDataProvider.dataProvide" name="testCaseData" time="0.015"/>
  <testcase classname="dataDriven.excelDataProvider.dataProvide" name="testCaseData" time="0.001"/>
  <testcase classname="dataDriven.excelDataProvider.dataProvide" name="testCaseData" time="0.002"/>
</testsuite> <!-- Default test -->
