<?xml version="1.0" encoding="UTF-8"?>
<!-- Generated by org.testng.reporters.JUnitReportReporter -->
<testsuite hostname="IT" failures="0" tests="4" name="Restassured" time="6.840" errors="0" timestamp="2025-09-03T23:12:40 IST" skipped="0">
  <testcase classname="Restassured" name="testGetPosts" time="4.142"/>
  <system-out/>
  <testcase classname="Restassured" name="testCreatePost" time="1.119"/>
  <system-out/>
  <testcase classname="Restassured" name="testUpdatePost" time="0.699"/>
  <system-out/>
  <testcase classname="Restassured" name="testDeletePost" time="0.880"/>
  <system-out/>
</testsuite> <!-- Restassured -->
