<?xml version="1.0" encoding="UTF-8"?>
<testng-results ignored="0" total="1" passed="1" failed="0" skipped="0">
  <reporter-output>
  </reporter-output>
  <suite started-at="2026-01-19T14:02:49 IST" name="Default suite" finished-at="2026-01-19T14:02:51 IST" duration-ms="1895">
    <groups>
    </groups>
    <test started-at="2026-01-19T14:02:49 IST" name="Default test" finished-at="2026-01-19T14:02:51 IST" duration-ms="1895">
      <class name="APITesting.VehicleActiveInactiveTest">
        <test-method is-config="true" signature="setup()[pri:0, instance:APITesting.VehicleActiveInactiveTest@10e31a9a]" started-at="2026-01-19T14:02:49 IST" name="setup" finished-at="2026-01-19T14:02:50 IST" duration-ms="296" status="PASS">
          <reporter-output>
          </reporter-output>
        </test-method> <!-- setup -->
        <test-method signature="verifyActiveVehicleAPI()[pri:0, instance:APITesting.VehicleActiveInactiveTest@10e31a9a]" started-at="2026-01-19T14:02:50 IST" name="verifyActiveVehicleAPI" finished-at="2026-01-19T14:02:51 IST" duration-ms="1569" status="PASS">
          <reporter-output>
          </reporter-output>
        </test-method> <!-- verifyActiveVehicleAPI -->
      </class> <!-- APITesting.VehicleActiveInactiveTest -->
    </test> <!-- Default test -->
  </suite> <!-- Default suite -->
</testng-results>
