<?xml version="1.0" encoding="UTF-8"?>
<testng-results ignored="0" total="1" passed="1" failed="0" skipped="0">
  <reporter-output>
  </reporter-output>
  <suite started-at="2026-02-17T11:47:55 IST" name="Default suite" finished-at="2026-02-17T11:48:01 IST" duration-ms="5484">
    <groups>
    </groups>
    <test started-at="2026-02-17T11:47:55 IST" name="Default test" finished-at="2026-02-17T11:48:01 IST" duration-ms="5484">
      <class name="APITesting.AllAPIResponseTimeTest">
        <test-method signature="testAllAPIsResponseTime()[pri:0, instance:APITesting.AllAPIResponseTimeTest@4fb61f4a]" started-at="2026-02-17T11:47:55 IST" name="testAllAPIsResponseTime" finished-at="2026-02-17T11:48:01 IST" duration-ms="5448" status="PASS">
          <reporter-output>
          </reporter-output>
        </test-method> <!-- testAllAPIsResponseTime -->
      </class> <!-- APITesting.AllAPIResponseTimeTest -->
    </test> <!-- Default test -->
  </suite> <!-- Default suite -->
</testng-results>
